# JRE version: OpenJDK Runtime Environment Temurin-11.0.21+9 (11.0.21+9) (build 11.0.21+9)
# Java VM: OpenJDK Client VM Temurin-11.0.21+9 (11.0.21+9, mixed mode, serial gc, windows-x86)
Heap:
 def new generation   total 4992K, used 2824K [0x05200000, 0x05760000, 0x0a750000)
  eden space 4480K,  51% used [0x05200000, 0x05442160, 0x05660000)
  from space 512K, 100% used [0x056e0000, 0x05760000, 0x05760000)
  to   space 512K,   0% used [0x05660000, 0x05660000, 0x056e0000)
 tenured generation   total 10944K, used 8510K [0x0a750000, 0x0b200000, 0x15200000)
   the space 10944K,  77% used [0x0a750000, 0x0af9fa58, 0x0af9fc00, 0x0b200000)
 Metaspace       used 14762K, capacity 15073K, committed 15104K, reserved 15744K
GC Heap History (20 events):
Event: 0.984 GC heap before
{Heap before GC invocations=5 (full 0):
 def new generation   total 4928K, used 4827K [0x05200000, 0x05750000, 0x0a750000)
  eden space 4416K, 100% used [0x05200000, 0x05650000, 0x05650000)
  from space 512K,  80% used [0x056d0000, 0x05736c78, 0x05750000)
  to   space 512K,   0% used [0x05650000, 0x05650000, 0x056d0000)
 tenured generation   total 10944K, used 2212K [0x0a750000, 0x0b200000, 0x15200000)
   the space 10944K,  20% used [0x0a750000, 0x0a979360, 0x0a979400, 0x0b200000)
 Metaspace       used 9312K, capacity 9438K, committed 9472K, reserved 9600K
}
Event: 0.987 GC heap after
{Heap after GC invocations=6 (full 0):
 def new generation   total 4928K, used 512K [0x05200000, 0x05750000, 0x0a750000)
  eden space 4416K,   0% used [0x05200000, 0x05200000, 0x05650000)
  from space 512K, 100% used [0x05650000, 0x056d0000, 0x056d0000)
  to   space 512K,   0% used [0x056d0000, 0x056d0000, 0x05750000)
 tenured generation   total 10944K, used 2613K [0x0a750000, 0x0b200000, 0x15200000)
   the space 10944K,  23% used [0x0a750000, 0x0a9dd700, 0x0a9dd800, 0x0b200000)
 Metaspace       used 9312K, capacity 9438K, committed 9472K, reserved 9600K
}
Event: 1.100 GC heap before
{Heap before GC invocations=6 (full 0):
 def new generation   total 4928K, used 4928K [0x05200000, 0x05750000, 0x0a750000)
  eden space 4416K, 100% used [0x05200000, 0x05650000, 0x05650000)
  from space 512K, 100% used [0x05650000, 0x056d0000, 0x056d0000)
  to   space 512K,   0% used [0x056d0000, 0x056d0000, 0x05750000)
 tenured generation   total 10944K, used 2613K [0x0a750000, 0x0b200000, 0x15200000)
   the space 10944K,  23% used [0x0a750000, 0x0a9dd700, 0x0a9dd800, 0x0b200000)
 Metaspace       used 10717K, capacity 10890K, committed 11008K, reserved 11648K
}
Event: 1.104 GC heap after
{Heap after GC invocations=7 (full 0):
 def new generation   total 4928K, used 512K [0x05200000, 0x05750000, 0x0a750000)
  eden space 4416K,   0% used [0x05200000, 0x05200000, 0x05650000)
  from space 512K, 100% used [0x056d0000, 0x05750000, 0x05750000)
  to   space 512K,   0% used [0x05650000, 0x05650000, 0x056d0000)
 tenured generation   total 10944K, used 3634K [0x0a750000, 0x0b200000, 0x15200000)
   the space 10944K,  33% used [0x0a750000, 0x0aadc848, 0x0aadca00, 0x0b200000)
 Metaspace       used 10717K, capacity 10890K, committed 11008K, reserved 11648K
}
Event: 1.187 GC heap before
{Heap before GC invocations=7 (full 0):
 def new generation   total 4928K, used 4928K [0x05200000, 0x05750000, 0x0a750000)
  eden space 4416K, 100% used [0x05200000, 0x05650000, 0x05650000)
  from space 512K, 100% used [0x056d0000, 0x05750000, 0x05750000)
  to   space 512K,   0% used [0x05650000, 0x05650000, 0x056d0000)
 tenured generation   total 10944K, used 3634K [0x0a750000, 0x0b200000, 0x15200000)
   the space 10944K,  33% used [0x0a750000, 0x0aadc848, 0x0aadca00, 0x0b200000)
 Metaspace       used 11407K, capacity 11575K, committed 11648K, reserved 11648K
}
Event: 1.191 GC heap after
{Heap after GC invocations=8 (full 0):
 def new generation   total 4928K, used 512K [0x05200000, 0x05750000, 0x0a750000)
  eden space 4416K,   0% used [0x05200000, 0x05200000, 0x05650000)
  from space 512K, 100% used [0x05650000, 0x056d0000, 0x056d0000)
  to   space 512K,   0% used [0x056d0000, 0x056d0000, 0x05750000)
 tenured generation   total 10944K, used 4350K [0x0a750000, 0x0b200000, 0x15200000)
   the space 10944K,  39% used [0x0a750000, 0x0ab8fb18, 0x0ab8fc00, 0x0b200000)
 Metaspace       used 11407K, capacity 11575K, committed 11648K, reserved 11648K
}
Event: 1.284 GC heap before
{Heap before GC invocations=8 (full 0):
 def new generation   total 4928K, used 4928K [0x05200000, 0x05750000, 0x0a750000)
  eden space 4416K, 100% used [0x05200000, 0x05650000, 0x05650000)
  from space 512K, 100% used [0x05650000, 0x056d0000, 0x056d0000)
  to   space 512K,   0% used [0x056d0000, 0x056d0000, 0x05750000)
 tenured generation   total 10944K, used 4350K [0x0a750000, 0x0b200000, 0x15200000)
   the space 10944K,  39% used [0x0a750000, 0x0ab8fb18, 0x0ab8fc00, 0x0b200000)
 Metaspace       used 11979K, capacity 12159K, committed 12160K, reserved 12672K
}
Event: 1.288 GC heap after
{Heap after GC invocations=9 (full 0):
 def new generation   total 4928K, used 512K [0x05200000, 0x05750000, 0x0a750000)
  eden space 4416K,   0% used [0x05200000, 0x05200000, 0x05650000)
  from space 512K, 100% used [0x056d0000, 0x05750000, 0x05750000)
  to   space 512K,   0% used [0x05650000, 0x05650000, 0x056d0000)
 tenured generation   total 10944K, used 5060K [0x0a750000, 0x0b200000, 0x15200000)
   the space 10944K,  46% used [0x0a750000, 0x0ac410c8, 0x0ac41200, 0x0b200000)
 Metaspace       used 11979K, capacity 12159K, committed 12160K, reserved 12672K
}
Event: 1.353 GC heap before
{Heap before GC invocations=9 (full 0):
 def new generation   total 4928K, used 1097K [0x05200000, 0x05750000, 0x0a750000)
  eden space 4416K,  13% used [0x05200000, 0x05292698, 0x05650000)
  from space 512K, 100% used [0x056d0000, 0x05750000, 0x05750000)
  to   space 512K,   0% used [0x05650000, 0x05650000, 0x056d0000)
 tenured generation   total 10944K, used 5060K [0x0a750000, 0x0b200000, 0x15200000)
   the space 10944K,  46% used [0x0a750000, 0x0ac410c8, 0x0ac41200, 0x0b200000)
 Metaspace       used 12075K, capacity 12261K, committed 12288K, reserved 12672K
}
Event: 1.366 GC heap after
{Heap after GC invocations=10 (full 1):
 def new generation   total 4992K, used 0K [0x05200000, 0x05760000, 0x0a750000)
  eden space 4480K,   0% used [0x05200000, 0x05200000, 0x05660000)
  from space 512K,   0% used [0x05660000, 0x05660000, 0x056e0000)
  to   space 512K,   0% used [0x056e0000, 0x056e0000, 0x05760000)
 tenured generation   total 10944K, used 5589K [0x0a750000, 0x0b200000, 0x15200000)
   the space 10944K,  51% used [0x0a750000, 0x0acc5558, 0x0acc5600, 0x0b200000)
 Metaspace       used 12075K, capacity 12261K, committed 12288K, reserved 12672K
}
Event: 1.491 GC heap before
{Heap before GC invocations=10 (full 1):
 def new generation   total 4992K, used 4480K [0x05200000, 0x05760000, 0x0a750000)
  eden space 4480K, 100% used [0x05200000, 0x05660000, 0x05660000)
  from space 512K,   0% used [0x05660000, 0x05660000, 0x056e0000)
  to   space 512K,   0% used [0x056e0000, 0x056e0000, 0x05760000)
 tenured generation   total 10944K, used 5589K [0x0a750000, 0x0b200000, 0x15200000)
   the space 10944K,  51% used [0x0a750000, 0x0acc5558, 0x0acc5600, 0x0b200000)
 Metaspace       used 12531K, capacity 12732K, committed 12800K, reserved 13696K
}
Event: 1.494 GC heap after
{Heap after GC invocations=11 (full 1):
 def new generation   total 4992K, used 511K [0x05200000, 0x05760000, 0x0a750000)
  eden space 4480K,   0% used [0x05200000, 0x05200000, 0x05660000)
  from space 512K,  99% used [0x056e0000, 0x0575fff8, 0x05760000)
  to   space 512K,   0% used [0x05660000, 0x05660000, 0x056e0000)
 tenured generation   total 10944K, used 5782K [0x0a750000, 0x0b200000, 0x15200000)
   the space 10944K,  52% used [0x0a750000, 0x0acf58a0, 0x0acf5a00, 0x0b200000)
 Metaspace       used 12531K, capacity 12732K, committed 12800K, reserved 13696K
}
Event: 1.656 GC heap before
{Heap before GC invocations=11 (full 1):
 def new generation   total 4992K, used 4991K [0x05200000, 0x05760000, 0x0a750000)
  eden space 4480K, 100% used [0x05200000, 0x05660000, 0x05660000)
  from space 512K,  99% used [0x056e0000, 0x0575fff8, 0x05760000)
  to   space 512K,   0% used [0x05660000, 0x05660000, 0x056e0000)
 tenured generation   total 10944K, used 5782K [0x0a750000, 0x0b200000, 0x15200000)
   the space 10944K,  52% used [0x0a750000, 0x0acf58a0, 0x0acf5a00, 0x0b200000)
 Metaspace       used 13233K, capacity 13476K, committed 13568K, reserved 13696K
}
Event: 1.660 GC heap after
{Heap after GC invocations=12 (full 1):
 def new generation   total 4992K, used 370K [0x05200000, 0x05760000, 0x0a750000)
  eden space 4480K,   0% used [0x05200000, 0x05200000, 0x05660000)
  from space 512K,  72% used [0x05660000, 0x056bc8e8, 0x056e0000)
  to   space 512K,   0% used [0x056e0000, 0x056e0000, 0x05760000)
 tenured generation   total 10944K, used 6291K [0x0a750000, 0x0b200000, 0x15200000)
   the space 10944K,  57% used [0x0a750000, 0x0ad74c28, 0x0ad74e00, 0x0b200000)
 Metaspace       used 13233K, capacity 13476K, committed 13568K, reserved 13696K
}
Event: 3.209 GC heap before
{Heap before GC invocations=12 (full 1):
 def new generation   total 4992K, used 4850K [0x05200000, 0x05760000, 0x0a750000)
  eden space 4480K, 100% used [0x05200000, 0x05660000, 0x05660000)
  from space 512K,  72% used [0x05660000, 0x056bc8e8, 0x056e0000)
  to   space 512K,   0% used [0x056e0000, 0x056e0000, 0x05760000)
 tenured generation   total 10944K, used 6291K [0x0a750000, 0x0b200000, 0x15200000)
   the space 10944K,  57% used [0x0a750000, 0x0ad74c28, 0x0ad74e00, 0x0b200000)
 Metaspace       used 13741K, capacity 13975K, committed 14080K, reserved 14720K
}
Event: 3.213 GC heap after
{Heap after GC invocations=13 (full 1):
 def new generation   total 4992K, used 496K [0x05200000, 0x05760000, 0x0a750000)
  eden space 4480K,   0% used [0x05200000, 0x05200000, 0x05660000)
  from space 512K,  97% used [0x056e0000, 0x0575c2f0, 0x05760000)
  to   space 512K,   0% used [0x05660000, 0x05660000, 0x056e0000)
 tenured generation   total 10944K, used 7736K [0x0a750000, 0x0b200000, 0x15200000)
   the space 10944K,  70% used [0x0a750000, 0x0aede0e0, 0x0aede200, 0x0b200000)
 Metaspace       used 13741K, capacity 13975K, committed 14080K, reserved 14720K
}
Event: 3.292 GC heap before
{Heap before GC invocations=13 (full 1):
 def new generation   total 4992K, used 4976K [0x05200000, 0x05760000, 0x0a750000)
  eden space 4480K, 100% used [0x05200000, 0x05660000, 0x05660000)
  from space 512K,  97% used [0x056e0000, 0x0575c2f0, 0x05760000)
  to   space 512K,   0% used [0x05660000, 0x05660000, 0x056e0000)
 tenured generation   total 10944K, used 7736K [0x0a750000, 0x0b200000, 0x15200000)
   the space 10944K,  70% used [0x0a750000, 0x0aede0e0, 0x0aede200, 0x0b200000)
 Metaspace       used 14417K, capacity 14708K, committed 14720K, reserved 14720K
}
Event: 3.294 GC heap after
{Heap after GC invocations=14 (full 1):
 def new generation   total 4992K, used 242K [0x05200000, 0x05760000, 0x0a750000)
  eden space 4480K,   0% used [0x05200000, 0x05200000, 0x05660000)
  from space 512K,  47% used [0x05660000, 0x0569cb00, 0x056e0000)
  to   space 512K,   0% used [0x056e0000, 0x056e0000, 0x05760000)
 tenured generation   total 10944K, used 8225K [0x0a750000, 0x0b200000, 0x15200000)
   the space 10944K,  75% used [0x0a750000, 0x0af58668, 0x0af58800, 0x0b200000)
 Metaspace       used 14417K, capacity 14708K, committed 14720K, reserved 14720K
}
Event: 16.253 GC heap before
{Heap before GC invocations=14 (full 1):
 def new generation   total 4992K, used 4663K [0x05200000, 0x05760000, 0x0a750000)
  eden space 4480K,  98% used [0x05200000, 0x056511b8, 0x05660000)
  from space 512K,  47% used [0x05660000, 0x0569cb00, 0x056e0000)
  to   space 512K,   0% used [0x056e0000, 0x056e0000, 0x05760000)
 tenured generation   total 10944K, used 8225K [0x0a750000, 0x0b200000, 0x15200000)
   the space 10944K,  75% used [0x0a750000, 0x0af58668, 0x0af58800, 0x0b200000)
 Metaspace       used 14741K, capacity 15058K, committed 15104K, reserved 15744K
}
Event: 16.256 GC heap after
{Heap after GC invocations=15 (full 1):
 def new generation   total 4992K, used 512K [0x05200000, 0x05760000, 0x0a750000)
  eden space 4480K,   0% used [0x05200000, 0x05200000, 0x05660000)
  from space 512K, 100% used [0x056e0000, 0x05760000, 0x05760000)
  to   space 512K,   0% used [0x05660000, 0x05660000, 0x056e0000)
 tenured generation   total 10944K, used 8510K [0x0a750000, 0x0b200000, 0x15200000)
   the space 10944K,  77% used [0x0a750000, 0x0af9fa58, 0x0af9fc00, 0x0b200000)
 Metaspace       used 14741K, capacity 15058K, committed 15104K, reserved 15744K
}

