# JRE version: OpenJDK Runtime Environment Temurin-11.0.21+9 (11.0.21+9) (build 11.0.21+9)
# Java VM: OpenJDK Client VM Temurin-11.0.21+9 (11.0.21+9, mixed mode, serial gc, windows-x86)
Heap:
 def new generation   total 4992K, used 4325K [0x04a00000, 0x04f60000, 0x09f50000)
  eden space 4480K,  91% used [0x04a00000, 0x04dfc4a0, 0x04e60000)
  from space 512K,  47% used [0x04e60000, 0x04e9d128, 0x04ee0000)
  to   space 512K,   0% used [0x04ee0000, 0x04ee0000, 0x04f60000)
 tenured generation   total 10944K, used 8219K [0x09f50000, 0x0aa00000, 0x14a00000)
   the space 10944K,  75% used [0x09f50000, 0x0a756f10, 0x0a757000, 0x0aa00000)
 Metaspace       used 14699K, capacity 14999K, committed 15104K, reserved 15744K
GC Heap History (20 events):
Event: 0.786 GC heap before
{Heap before GC invocations=4 (full 0):
 def new generation   total 4928K, used 4632K [0x04a00000, 0x04f50000, 0x09f50000)
  eden space 4416K,  99% used [0x04a00000, 0x04e4e118, 0x04e50000)
  from space 512K,  43% used [0x04e50000, 0x04e88148, 0x04ed0000)
  to   space 512K,   0% used [0x04ed0000, 0x04ed0000, 0x04f50000)
 tenured generation   total 10944K, used 2203K [0x09f50000, 0x0aa00000, 0x14a00000)
   the space 10944K,  20% used [0x09f50000, 0x0a176c90, 0x0a176e00, 0x0aa00000)
 Metaspace       used 7811K, capacity 7903K, committed 7936K, reserved 8576K
}
Event: 0.787 GC heap after
{Heap after GC invocations=5 (full 0):
 def new generation   total 4928K, used 411K [0x04a00000, 0x04f50000, 0x09f50000)
  eden space 4416K,   0% used [0x04a00000, 0x04a00000, 0x04e50000)
  from space 512K,  80% used [0x04ed0000, 0x04f36d88, 0x04f50000)
  to   space 512K,   0% used [0x04e50000, 0x04e50000, 0x04ed0000)
 tenured generation   total 10944K, used 2203K [0x09f50000, 0x0aa00000, 0x14a00000)
   the space 10944K,  20% used [0x09f50000, 0x0a176c90, 0x0a176e00, 0x0aa00000)
 Metaspace       used 7811K, capacity 7903K, committed 7936K, reserved 8576K
}
Event: 0.894 GC heap before
{Heap before GC invocations=5 (full 0):
 def new generation   total 4928K, used 4827K [0x04a00000, 0x04f50000, 0x09f50000)
  eden space 4416K, 100% used [0x04a00000, 0x04e50000, 0x04e50000)
  from space 512K,  80% used [0x04ed0000, 0x04f36d88, 0x04f50000)
  to   space 512K,   0% used [0x04e50000, 0x04e50000, 0x04ed0000)
 tenured generation   total 10944K, used 2203K [0x09f50000, 0x0aa00000, 0x14a00000)
   the space 10944K,  20% used [0x09f50000, 0x0a176c90, 0x0a176e00, 0x0aa00000)
 Metaspace       used 9311K, capacity 9438K, committed 9472K, reserved 9600K
}
Event: 0.896 GC heap after
{Heap after GC invocations=6 (full 0):
 def new generation   total 4928K, used 512K [0x04a00000, 0x04f50000, 0x09f50000)
  eden space 4416K,   0% used [0x04a00000, 0x04a00000, 0x04e50000)
  from space 512K, 100% used [0x04e50000, 0x04ed0000, 0x04ed0000)
  to   space 512K,   0% used [0x04ed0000, 0x04ed0000, 0x04f50000)
 tenured generation   total 10944K, used 2604K [0x09f50000, 0x0aa00000, 0x14a00000)
   the space 10944K,  23% used [0x09f50000, 0x0a1db1c0, 0x0a1db200, 0x0aa00000)
 Metaspace       used 9311K, capacity 9438K, committed 9472K, reserved 9600K
}
Event: 1.010 GC heap before
{Heap before GC invocations=6 (full 0):
 def new generation   total 4928K, used 4928K [0x04a00000, 0x04f50000, 0x09f50000)
  eden space 4416K, 100% used [0x04a00000, 0x04e50000, 0x04e50000)
  from space 512K, 100% used [0x04e50000, 0x04ed0000, 0x04ed0000)
  to   space 512K,   0% used [0x04ed0000, 0x04ed0000, 0x04f50000)
 tenured generation   total 10944K, used 2604K [0x09f50000, 0x0aa00000, 0x14a00000)
   the space 10944K,  23% used [0x09f50000, 0x0a1db1c0, 0x0a1db200, 0x0aa00000)
 Metaspace       used 10715K, capacity 10890K, committed 11008K, reserved 11648K
}
Event: 1.014 GC heap after
{Heap after GC invocations=7 (full 0):
 def new generation   total 4928K, used 512K [0x04a00000, 0x04f50000, 0x09f50000)
  eden space 4416K,   0% used [0x04a00000, 0x04a00000, 0x04e50000)
  from space 512K, 100% used [0x04ed0000, 0x04f50000, 0x04f50000)
  to   space 512K,   0% used [0x04e50000, 0x04e50000, 0x04ed0000)
 tenured generation   total 10944K, used 3632K [0x09f50000, 0x0aa00000, 0x14a00000)
   the space 10944K,  33% used [0x09f50000, 0x0a2dc3e8, 0x0a2dc400, 0x0aa00000)
 Metaspace       used 10715K, capacity 10890K, committed 11008K, reserved 11648K
}
Event: 1.094 GC heap before
{Heap before GC invocations=7 (full 0):
 def new generation   total 4928K, used 4928K [0x04a00000, 0x04f50000, 0x09f50000)
  eden space 4416K, 100% used [0x04a00000, 0x04e50000, 0x04e50000)
  from space 512K, 100% used [0x04ed0000, 0x04f50000, 0x04f50000)
  to   space 512K,   0% used [0x04e50000, 0x04e50000, 0x04ed0000)
 tenured generation   total 10944K, used 3632K [0x09f50000, 0x0aa00000, 0x14a00000)
   the space 10944K,  33% used [0x09f50000, 0x0a2dc3e8, 0x0a2dc400, 0x0aa00000)
 Metaspace       used 11408K, capacity 11575K, committed 11648K, reserved 11648K
}
Event: 1.098 GC heap after
{Heap after GC invocations=8 (full 0):
 def new generation   total 4928K, used 512K [0x04a00000, 0x04f50000, 0x09f50000)
  eden space 4416K,   0% used [0x04a00000, 0x04a00000, 0x04e50000)
  from space 512K, 100% used [0x04e50000, 0x04ed0000, 0x04ed0000)
  to   space 512K,   0% used [0x04ed0000, 0x04ed0000, 0x04f50000)
 tenured generation   total 10944K, used 4341K [0x09f50000, 0x0aa00000, 0x14a00000)
   the space 10944K,  39% used [0x09f50000, 0x0a38d658, 0x0a38d800, 0x0aa00000)
 Metaspace       used 11408K, capacity 11575K, committed 11648K, reserved 11648K
}
Event: 1.195 GC heap before
{Heap before GC invocations=8 (full 0):
 def new generation   total 4928K, used 4928K [0x04a00000, 0x04f50000, 0x09f50000)
  eden space 4416K, 100% used [0x04a00000, 0x04e50000, 0x04e50000)
  from space 512K, 100% used [0x04e50000, 0x04ed0000, 0x04ed0000)
  to   space 512K,   0% used [0x04ed0000, 0x04ed0000, 0x04f50000)
 tenured generation   total 10944K, used 4341K [0x09f50000, 0x0aa00000, 0x14a00000)
   the space 10944K,  39% used [0x09f50000, 0x0a38d658, 0x0a38d800, 0x0aa00000)
 Metaspace       used 11978K, capacity 12159K, committed 12160K, reserved 12672K
}
Event: 1.199 GC heap after
{Heap after GC invocations=9 (full 0):
 def new generation   total 4928K, used 512K [0x04a00000, 0x04f50000, 0x09f50000)
  eden space 4416K,   0% used [0x04a00000, 0x04a00000, 0x04e50000)
  from space 512K, 100% used [0x04ed0000, 0x04f50000, 0x04f50000)
  to   space 512K,   0% used [0x04e50000, 0x04e50000, 0x04ed0000)
 tenured generation   total 10944K, used 5054K [0x09f50000, 0x0aa00000, 0x14a00000)
   the space 10944K,  46% used [0x09f50000, 0x0a43fa40, 0x0a43fc00, 0x0aa00000)
 Metaspace       used 11978K, capacity 12159K, committed 12160K, reserved 12672K
}
Event: 1.251 GC heap before
{Heap before GC invocations=9 (full 0):
 def new generation   total 4928K, used 1078K [0x04a00000, 0x04f50000, 0x09f50000)
  eden space 4416K,  12% used [0x04a00000, 0x04a8d908, 0x04e50000)
  from space 512K, 100% used [0x04ed0000, 0x04f50000, 0x04f50000)
  to   space 512K,   0% used [0x04e50000, 0x04e50000, 0x04ed0000)
 tenured generation   total 10944K, used 5054K [0x09f50000, 0x0aa00000, 0x14a00000)
   the space 10944K,  46% used [0x09f50000, 0x0a43fa40, 0x0a43fc00, 0x0aa00000)
 Metaspace       used 12074K, capacity 12261K, committed 12288K, reserved 12672K
}
Event: 1.267 GC heap after
{Heap after GC invocations=10 (full 1):
 def new generation   total 4992K, used 0K [0x04a00000, 0x04f60000, 0x09f50000)
  eden space 4480K,   0% used [0x04a00000, 0x04a00000, 0x04e60000)
  from space 512K,   0% used [0x04e60000, 0x04e60000, 0x04ee0000)
  to   space 512K,   0% used [0x04ee0000, 0x04ee0000, 0x04f60000)
 tenured generation   total 10944K, used 5580K [0x09f50000, 0x0aa00000, 0x14a00000)
   the space 10944K,  50% used [0x09f50000, 0x0a4c30e8, 0x0a4c3200, 0x0aa00000)
 Metaspace       used 12074K, capacity 12261K, committed 12288K, reserved 12672K
}
Event: 1.392 GC heap before
{Heap before GC invocations=10 (full 1):
 def new generation   total 4992K, used 4480K [0x04a00000, 0x04f60000, 0x09f50000)
  eden space 4480K, 100% used [0x04a00000, 0x04e60000, 0x04e60000)
  from space 512K,   0% used [0x04e60000, 0x04e60000, 0x04ee0000)
  to   space 512K,   0% used [0x04ee0000, 0x04ee0000, 0x04f60000)
 tenured generation   total 10944K, used 5580K [0x09f50000, 0x0aa00000, 0x14a00000)
   the space 10944K,  50% used [0x09f50000, 0x0a4c30e8, 0x0a4c3200, 0x0aa00000)
 Metaspace       used 12531K, capacity 12732K, committed 12800K, reserved 13696K
}
Event: 1.394 GC heap after
{Heap after GC invocations=11 (full 1):
 def new generation   total 4992K, used 512K [0x04a00000, 0x04f60000, 0x09f50000)
  eden space 4480K,   0% used [0x04a00000, 0x04a00000, 0x04e60000)
  from space 512K, 100% used [0x04ee0000, 0x04f60000, 0x04f60000)
  to   space 512K,   0% used [0x04e60000, 0x04e60000, 0x04ee0000)
 tenured generation   total 10944K, used 5773K [0x09f50000, 0x0aa00000, 0x14a00000)
   the space 10944K,  52% used [0x09f50000, 0x0a4f3428, 0x0a4f3600, 0x0aa00000)
 Metaspace       used 12531K, capacity 12732K, committed 12800K, reserved 13696K
}
Event: 1.557 GC heap before
{Heap before GC invocations=11 (full 1):
 def new generation   total 4992K, used 4991K [0x04a00000, 0x04f60000, 0x09f50000)
  eden space 4480K,  99% used [0x04a00000, 0x04e5fff8, 0x04e60000)
  from space 512K, 100% used [0x04ee0000, 0x04f60000, 0x04f60000)
  to   space 512K,   0% used [0x04e60000, 0x04e60000, 0x04ee0000)
 tenured generation   total 10944K, used 5773K [0x09f50000, 0x0aa00000, 0x14a00000)
   the space 10944K,  52% used [0x09f50000, 0x0a4f3428, 0x0a4f3600, 0x0aa00000)
 Metaspace       used 13248K, capacity 13482K, committed 13568K, reserved 13696K
}
Event: 1.561 GC heap after
{Heap after GC invocations=12 (full 1):
 def new generation   total 4992K, used 380K [0x04a00000, 0x04f60000, 0x09f50000)
  eden space 4480K,   0% used [0x04a00000, 0x04a00000, 0x04e60000)
  from space 512K,  74% used [0x04e60000, 0x04ebf268, 0x04ee0000)
  to   space 512K,   0% used [0x04ee0000, 0x04ee0000, 0x04f60000)
 tenured generation   total 10944K, used 6281K [0x09f50000, 0x0aa00000, 0x14a00000)
   the space 10944K,  57% used [0x09f50000, 0x0a5727b8, 0x0a572800, 0x0aa00000)
 Metaspace       used 13248K, capacity 13482K, committed 13568K, reserved 13696K
}
Event: 3.439 GC heap before
{Heap before GC invocations=12 (full 1):
 def new generation   total 4992K, used 4860K [0x04a00000, 0x04f60000, 0x09f50000)
  eden space 4480K, 100% used [0x04a00000, 0x04e60000, 0x04e60000)
  from space 512K,  74% used [0x04e60000, 0x04ebf268, 0x04ee0000)
  to   space 512K,   0% used [0x04ee0000, 0x04ee0000, 0x04f60000)
 tenured generation   total 10944K, used 6281K [0x09f50000, 0x0aa00000, 0x14a00000)
   the space 10944K,  57% used [0x09f50000, 0x0a5727b8, 0x0a572800, 0x0aa00000)
 Metaspace       used 13731K, capacity 13975K, committed 14080K, reserved 14720K
}
Event: 3.443 GC heap after
{Heap after GC invocations=13 (full 1):
 def new generation   total 4992K, used 491K [0x04a00000, 0x04f60000, 0x09f50000)
  eden space 4480K,   0% used [0x04a00000, 0x04a00000, 0x04e60000)
  from space 512K,  95% used [0x04ee0000, 0x04f5adb8, 0x04f60000)
  to   space 512K,   0% used [0x04e60000, 0x04e60000, 0x04ee0000)
 tenured generation   total 10944K, used 7734K [0x09f50000, 0x0aa00000, 0x14a00000)
   the space 10944K,  70% used [0x09f50000, 0x0a6dd8a8, 0x0a6dda00, 0x0aa00000)
 Metaspace       used 13731K, capacity 13975K, committed 14080K, reserved 14720K
}
Event: 3.528 GC heap before
{Heap before GC invocations=13 (full 1):
 def new generation   total 4992K, used 4971K [0x04a00000, 0x04f60000, 0x09f50000)
  eden space 4480K, 100% used [0x04a00000, 0x04e60000, 0x04e60000)
  from space 512K,  95% used [0x04ee0000, 0x04f5adb8, 0x04f60000)
  to   space 512K,   0% used [0x04e60000, 0x04e60000, 0x04ee0000)
 tenured generation   total 10944K, used 7734K [0x09f50000, 0x0aa00000, 0x14a00000)
   the space 10944K,  70% used [0x09f50000, 0x0a6dd8a8, 0x0a6dda00, 0x0aa00000)
 Metaspace       used 14405K, capacity 14676K, committed 14720K, reserved 14720K
}
Event: 3.530 GC heap after
{Heap after GC invocations=14 (full 1):
 def new generation   total 4992K, used 244K [0x04a00000, 0x04f60000, 0x09f50000)
  eden space 4480K,   0% used [0x04a00000, 0x04a00000, 0x04e60000)
  from space 512K,  47% used [0x04e60000, 0x04e9d128, 0x04ee0000)
  to   space 512K,   0% used [0x04ee0000, 0x04ee0000, 0x04f60000)
 tenured generation   total 10944K, used 8219K [0x09f50000, 0x0aa00000, 0x14a00000)
   the space 10944K,  75% used [0x09f50000, 0x0a756f10, 0x0a757000, 0x0aa00000)
 Metaspace       used 14405K, capacity 14676K, committed 14720K, reserved 14720K
}

