# JRE version: OpenJDK Runtime Environment Temurin-11.0.21+9 (11.0.21+9) (build 11.0.21+9)
# Java VM: OpenJDK Client VM Temurin-11.0.21+9 (11.0.21+9, mixed mode, serial gc, windows-x86)
Heap:
 def new generation   total 4992K, used 772K [0x04c00000, 0x05160000, 0x0a150000)
  eden space 4480K,  11% used [0x04c00000, 0x04c81580, 0x05060000)
  from space 512K,  49% used [0x05060000, 0x0509fbe0, 0x050e0000)
  to   space 512K,   0% used [0x050e0000, 0x050e0000, 0x05160000)
 tenured generation   total 10944K, used 9540K [0x0a150000, 0x0ac00000, 0x14c00000)
   the space 10944K,  87% used [0x0a150000, 0x0aaa1060, 0x0aaa1200, 0x0ac00000)
 Metaspace       used 14743K, capacity 15039K, committed 15104K, reserved 15744K
GC Heap History (20 events):
Event: 1.376 GC heap before
{Heap before GC invocations=6 (full 0):
 def new generation   total 4928K, used 4928K [0x04c00000, 0x05150000, 0x0a150000)
  eden space 4416K, 100% used [0x04c00000, 0x05050000, 0x05050000)
  from space 512K, 100% used [0x05050000, 0x050d0000, 0x050d0000)
  to   space 512K,   0% used [0x050d0000, 0x050d0000, 0x05150000)
 tenured generation   total 10944K, used 2911K [0x0a150000, 0x0ac00000, 0x14c00000)
   the space 10944K,  26% used [0x0a150000, 0x0a427f08, 0x0a428000, 0x0ac00000)
 Metaspace       used 10716K, capacity 10890K, committed 11008K, reserved 11648K
}
Event: 1.382 GC heap after
{Heap after GC invocations=7 (full 0):
 def new generation   total 4928K, used 512K [0x04c00000, 0x05150000, 0x0a150000)
  eden space 4416K,   0% used [0x04c00000, 0x04c00000, 0x05050000)
  from space 512K, 100% used [0x050d0000, 0x05150000, 0x05150000)
  to   space 512K,   0% used [0x05050000, 0x05050000, 0x050d0000)
 tenured generation   total 10944K, used 3932K [0x0a150000, 0x0ac00000, 0x14c00000)
   the space 10944K,  35% used [0x0a150000, 0x0a5271e0, 0x0a527200, 0x0ac00000)
 Metaspace       used 10716K, capacity 10890K, committed 11008K, reserved 11648K
}
Event: 1.488 GC heap before
{Heap before GC invocations=7 (full 0):
 def new generation   total 4928K, used 4928K [0x04c00000, 0x05150000, 0x0a150000)
  eden space 4416K, 100% used [0x04c00000, 0x05050000, 0x05050000)
  from space 512K, 100% used [0x050d0000, 0x05150000, 0x05150000)
  to   space 512K,   0% used [0x05050000, 0x05050000, 0x050d0000)
 tenured generation   total 10944K, used 3932K [0x0a150000, 0x0ac00000, 0x14c00000)
   the space 10944K,  35% used [0x0a150000, 0x0a5271e0, 0x0a527200, 0x0ac00000)
 Metaspace       used 11410K, capacity 11575K, committed 11648K, reserved 11648K
}
Event: 1.493 GC heap after
{Heap after GC invocations=8 (full 0):
 def new generation   total 4928K, used 512K [0x04c00000, 0x05150000, 0x0a150000)
  eden space 4416K,   0% used [0x04c00000, 0x04c00000, 0x05050000)
  from space 512K, 100% used [0x05050000, 0x050d0000, 0x050d0000)
  to   space 512K,   0% used [0x050d0000, 0x050d0000, 0x05150000)
 tenured generation   total 10944K, used 4649K [0x0a150000, 0x0ac00000, 0x14c00000)
   the space 10944K,  42% used [0x0a150000, 0x0a5da4e0, 0x0a5da600, 0x0ac00000)
 Metaspace       used 11410K, capacity 11575K, committed 11648K, reserved 11648K
}
Event: 1.655 GC heap before
{Heap before GC invocations=8 (full 0):
 def new generation   total 4928K, used 4928K [0x04c00000, 0x05150000, 0x0a150000)
  eden space 4416K, 100% used [0x04c00000, 0x05050000, 0x05050000)
  from space 512K, 100% used [0x05050000, 0x050d0000, 0x050d0000)
  to   space 512K,   0% used [0x050d0000, 0x050d0000, 0x05150000)
 tenured generation   total 10944K, used 4649K [0x0a150000, 0x0ac00000, 0x14c00000)
   the space 10944K,  42% used [0x0a150000, 0x0a5da4e0, 0x0a5da600, 0x0ac00000)
 Metaspace       used 11980K, capacity 12159K, committed 12160K, reserved 12672K
}
Event: 1.661 GC heap after
{Heap after GC invocations=9 (full 0):
 def new generation   total 4928K, used 511K [0x04c00000, 0x05150000, 0x0a150000)
  eden space 4416K,   0% used [0x04c00000, 0x04c00000, 0x05050000)
  from space 512K,  99% used [0x050d0000, 0x0514fff8, 0x05150000)
  to   space 512K,   0% used [0x05050000, 0x05050000, 0x050d0000)
 tenured generation   total 10944K, used 5357K [0x0a150000, 0x0ac00000, 0x14c00000)
   the space 10944K,  48% used [0x0a150000, 0x0a68b5b0, 0x0a68b600, 0x0ac00000)
 Metaspace       used 11980K, capacity 12159K, committed 12160K, reserved 12672K
}
Event: 1.720 GC heap before
{Heap before GC invocations=9 (full 0):
 def new generation   total 4928K, used 1009K [0x04c00000, 0x05150000, 0x0a150000)
  eden space 4416K,  11% used [0x04c00000, 0x04c7c678, 0x05050000)
  from space 512K,  99% used [0x050d0000, 0x0514fff8, 0x05150000)
  to   space 512K,   0% used [0x05050000, 0x05050000, 0x050d0000)
 tenured generation   total 10944K, used 5357K [0x0a150000, 0x0ac00000, 0x14c00000)
   the space 10944K,  48% used [0x0a150000, 0x0a68b5b0, 0x0a68b600, 0x0ac00000)
 Metaspace       used 12074K, capacity 12261K, committed 12288K, reserved 12672K
}
Event: 1.735 GC heap after
{Heap after GC invocations=10 (full 1):
 def new generation   total 4992K, used 0K [0x04c00000, 0x05160000, 0x0a150000)
  eden space 4480K,   0% used [0x04c00000, 0x04c00000, 0x05060000)
  from space 512K,   0% used [0x05060000, 0x05060000, 0x050e0000)
  to   space 512K,   0% used [0x050e0000, 0x050e0000, 0x05160000)
 tenured generation   total 10944K, used 5886K [0x0a150000, 0x0ac00000, 0x14c00000)
   the space 10944K,  53% used [0x0a150000, 0x0a70f808, 0x0a70fa00, 0x0ac00000)
 Metaspace       used 12074K, capacity 12261K, committed 12288K, reserved 12672K
}
Event: 1.936 GC heap before
{Heap before GC invocations=10 (full 1):
 def new generation   total 4992K, used 4480K [0x04c00000, 0x05160000, 0x0a150000)
  eden space 4480K, 100% used [0x04c00000, 0x05060000, 0x05060000)
  from space 512K,   0% used [0x05060000, 0x05060000, 0x050e0000)
  to   space 512K,   0% used [0x050e0000, 0x050e0000, 0x05160000)
 tenured generation   total 10944K, used 5886K [0x0a150000, 0x0ac00000, 0x14c00000)
   the space 10944K,  53% used [0x0a150000, 0x0a70f808, 0x0a70fa00, 0x0ac00000)
 Metaspace       used 12532K, capacity 12730K, committed 12800K, reserved 13696K
}
Event: 1.940 GC heap after
{Heap after GC invocations=11 (full 1):
 def new generation   total 4992K, used 511K [0x04c00000, 0x05160000, 0x0a150000)
  eden space 4480K,   0% used [0x04c00000, 0x04c00000, 0x05060000)
  from space 512K,  99% used [0x050e0000, 0x0515fff8, 0x05160000)
  to   space 512K,   0% used [0x05060000, 0x05060000, 0x050e0000)
 tenured generation   total 10944K, used 6080K [0x0a150000, 0x0ac00000, 0x14c00000)
   the space 10944K,  55% used [0x0a150000, 0x0a7402d0, 0x0a740400, 0x0ac00000)
 Metaspace       used 12532K, capacity 12730K, committed 12800K, reserved 13696K
}
Event: 2.138 GC heap before
{Heap before GC invocations=11 (full 1):
 def new generation   total 4992K, used 4991K [0x04c00000, 0x05160000, 0x0a150000)
  eden space 4480K, 100% used [0x04c00000, 0x05060000, 0x05060000)
  from space 512K,  99% used [0x050e0000, 0x0515fff8, 0x05160000)
  to   space 512K,   0% used [0x05060000, 0x05060000, 0x050e0000)
 tenured generation   total 10944K, used 6080K [0x0a150000, 0x0ac00000, 0x14c00000)
   the space 10944K,  55% used [0x0a150000, 0x0a7402d0, 0x0a740400, 0x0ac00000)
 Metaspace       used 13244K, capacity 13476K, committed 13568K, reserved 13696K
}
Event: 2.145 GC heap after
{Heap after GC invocations=12 (full 1):
 def new generation   total 4992K, used 377K [0x04c00000, 0x05160000, 0x0a150000)
  eden space 4480K,   0% used [0x04c00000, 0x04c00000, 0x05060000)
  from space 512K,  73% used [0x05060000, 0x050be470, 0x050e0000)
  to   space 512K,   0% used [0x050e0000, 0x050e0000, 0x05160000)
 tenured generation   total 10944K, used 6587K [0x0a150000, 0x0ac00000, 0x14c00000)
   the space 10944K,  60% used [0x0a150000, 0x0a7beea8, 0x0a7bf000, 0x0ac00000)
 Metaspace       used 13244K, capacity 13476K, committed 13568K, reserved 13696K
}
Event: 3.576 GC heap before
{Heap before GC invocations=12 (full 1):
 def new generation   total 4992K, used 4857K [0x04c00000, 0x05160000, 0x0a150000)
  eden space 4480K, 100% used [0x04c00000, 0x05060000, 0x05060000)
  from space 512K,  73% used [0x05060000, 0x050be470, 0x050e0000)
  to   space 512K,   0% used [0x050e0000, 0x050e0000, 0x05160000)
 tenured generation   total 10944K, used 6587K [0x0a150000, 0x0ac00000, 0x14c00000)
   the space 10944K,  60% used [0x0a150000, 0x0a7beea8, 0x0a7bf000, 0x0ac00000)
 Metaspace       used 13741K, capacity 13975K, committed 14080K, reserved 14720K
}
Event: 3.583 GC heap after
{Heap after GC invocations=13 (full 1):
 def new generation   total 4992K, used 508K [0x04c00000, 0x05160000, 0x0a150000)
  eden space 4480K,   0% used [0x04c00000, 0x04c00000, 0x05060000)
  from space 512K,  99% used [0x050e0000, 0x0515f1e0, 0x05160000)
  to   space 512K,   0% used [0x05060000, 0x05060000, 0x050e0000)
 tenured generation   total 10944K, used 8035K [0x0a150000, 0x0ac00000, 0x14c00000)
   the space 10944K,  73% used [0x0a150000, 0x0a928c80, 0x0a928e00, 0x0ac00000)
 Metaspace       used 13741K, capacity 13975K, committed 14080K, reserved 14720K
}
Event: 3.710 GC heap before
{Heap before GC invocations=13 (full 1):
 def new generation   total 4992K, used 4988K [0x04c00000, 0x05160000, 0x0a150000)
  eden space 4480K, 100% used [0x04c00000, 0x05060000, 0x05060000)
  from space 512K,  99% used [0x050e0000, 0x0515f1e0, 0x05160000)
  to   space 512K,   0% used [0x05060000, 0x05060000, 0x050e0000)
 tenured generation   total 10944K, used 8035K [0x0a150000, 0x0ac00000, 0x14c00000)
   the space 10944K,  73% used [0x0a150000, 0x0a928c80, 0x0a928e00, 0x0ac00000)
 Metaspace       used 14404K, capacity 14676K, committed 14720K, reserved 14720K
}
Event: 3.714 GC heap after
{Heap after GC invocations=14 (full 1):
 def new generation   total 4992K, used 285K [0x04c00000, 0x05160000, 0x0a150000)
  eden space 4480K,   0% used [0x04c00000, 0x04c00000, 0x05060000)
  from space 512K,  55% used [0x05060000, 0x050a7620, 0x050e0000)
  to   space 512K,   0% used [0x050e0000, 0x050e0000, 0x05160000)
 tenured generation   total 10944K, used 8536K [0x0a150000, 0x0ac00000, 0x14c00000)
   the space 10944K,  78% used [0x0a150000, 0x0a9a63a0, 0x0a9a6400, 0x0ac00000)
 Metaspace       used 14404K, capacity 14676K, committed 14720K, reserved 14720K
}
Event: 21.254 GC heap before
{Heap before GC invocations=14 (full 1):
 def new generation   total 4992K, used 4765K [0x04c00000, 0x05160000, 0x0a150000)
  eden space 4480K, 100% used [0x04c00000, 0x05060000, 0x05060000)
  from space 512K,  55% used [0x05060000, 0x050a7620, 0x050e0000)
  to   space 512K,   0% used [0x050e0000, 0x050e0000, 0x05160000)
 tenured generation   total 10944K, used 8536K [0x0a150000, 0x0ac00000, 0x14c00000)
   the space 10944K,  78% used [0x0a150000, 0x0a9a63a0, 0x0a9a6400, 0x0ac00000)
 Metaspace       used 14721K, capacity 15024K, committed 15104K, reserved 15744K
}
Event: 21.257 GC heap after
{Heap after GC invocations=15 (full 1):
 def new generation   total 4992K, used 512K [0x04c00000, 0x05160000, 0x0a150000)
  eden space 4480K,   0% used [0x04c00000, 0x04c00000, 0x05060000)
  from space 512K, 100% used [0x050e0000, 0x05160000, 0x05160000)
  to   space 512K,   0% used [0x05060000, 0x05060000, 0x050e0000)
 tenured generation   total 10944K, used 9036K [0x0a150000, 0x0ac00000, 0x14c00000)
   the space 10944K,  82% used [0x0a150000, 0x0aa23228, 0x0aa23400, 0x0ac00000)
 Metaspace       used 14721K, capacity 15024K, committed 15104K, reserved 15744K
}
Event: 48.790 GC heap before
{Heap before GC invocations=15 (full 1):
 def new generation   total 4992K, used 4992K [0x04c00000, 0x05160000, 0x0a150000)
  eden space 4480K, 100% used [0x04c00000, 0x05060000, 0x05060000)
  from space 512K, 100% used [0x050e0000, 0x05160000, 0x05160000)
  to   space 512K,   0% used [0x05060000, 0x05060000, 0x050e0000)
 tenured generation   total 10944K, used 9036K [0x0a150000, 0x0ac00000, 0x14c00000)
   the space 10944K,  82% used [0x0a150000, 0x0aa23228, 0x0aa23400, 0x0ac00000)
 Metaspace       used 14735K, capacity 15032K, committed 15104K, reserved 15744K
}
Event: 48.794 GC heap after
{Heap after GC invocations=16 (full 1):
 def new generation   total 4992K, used 254K [0x04c00000, 0x05160000, 0x0a150000)
  eden space 4480K,   0% used [0x04c00000, 0x04c00000, 0x05060000)
  from space 512K,  49% used [0x05060000, 0x0509fbe0, 0x050e0000)
  to   space 512K,   0% used [0x050e0000, 0x050e0000, 0x05160000)
 tenured generation   total 10944K, used 9540K [0x0a150000, 0x0ac00000, 0x14c00000)
   the space 10944K,  87% used [0x0a150000, 0x0aaa1060, 0x0aaa1200, 0x0ac00000)
 Metaspace       used 14735K, capacity 15032K, committed 15104K, reserved 15744K
}

