# JRE version: OpenJDK Runtime Environment Temurin-11.0.21+9 (11.0.21+9) (build 11.0.21+9)
# Java VM: OpenJDK Client VM Temurin-11.0.21+9 (11.0.21+9, mixed mode, serial gc, windows-x86)
Heap:
 def new generation   total 4992K, used 4214K [0x04e00000, 0x05360000, 0x0a350000)
  eden space 4480K,  82% used [0x04e00000, 0x0519d998, 0x05260000)
  from space 512K, 100% used [0x052e0000, 0x05360000, 0x05360000)
  to   space 512K,   0% used [0x05260000, 0x05260000, 0x052e0000)
 tenured generation   total 10944K, used 8306K [0x0a350000, 0x0ae00000, 0x14e00000)
   the space 10944K,  75% used [0x0a350000, 0x0ab6ca70, 0x0ab6cc00, 0x0ae00000)
 Metaspace       used 14764K, capacity 15082K, committed 15104K, reserved 15744K
GC Heap History (20 events):
Event: 0.905 GC heap before
{Heap before GC invocations=5 (full 0):
 def new generation   total 4928K, used 4826K [0x04e00000, 0x05350000, 0x0a350000)
  eden space 4416K, 100% used [0x04e00000, 0x05250000, 0x05250000)
  from space 512K,  80% used [0x052d0000, 0x05336b90, 0x05350000)
  to   space 512K,   0% used [0x05250000, 0x05250000, 0x052d0000)
 tenured generation   total 10944K, used 2212K [0x0a350000, 0x0ae00000, 0x14e00000)
   the space 10944K,  20% used [0x0a350000, 0x0a579368, 0x0a579400, 0x0ae00000)
 Metaspace       used 9310K, capacity 9438K, committed 9472K, reserved 9600K
}
Event: 0.908 GC heap after
{Heap after GC invocations=6 (full 0):
 def new generation   total 4928K, used 512K [0x04e00000, 0x05350000, 0x0a350000)
  eden space 4416K,   0% used [0x04e00000, 0x04e00000, 0x05250000)
  from space 512K, 100% used [0x05250000, 0x052d0000, 0x052d0000)
  to   space 512K,   0% used [0x052d0000, 0x052d0000, 0x05350000)
 tenured generation   total 10944K, used 2613K [0x0a350000, 0x0ae00000, 0x14e00000)
   the space 10944K,  23% used [0x0a350000, 0x0a5dd658, 0x0a5dd800, 0x0ae00000)
 Metaspace       used 9310K, capacity 9438K, committed 9472K, reserved 9600K
}
Event: 1.020 GC heap before
{Heap before GC invocations=6 (full 0):
 def new generation   total 4928K, used 4928K [0x04e00000, 0x05350000, 0x0a350000)
  eden space 4416K, 100% used [0x04e00000, 0x05250000, 0x05250000)
  from space 512K, 100% used [0x05250000, 0x052d0000, 0x052d0000)
  to   space 512K,   0% used [0x052d0000, 0x052d0000, 0x05350000)
 tenured generation   total 10944K, used 2613K [0x0a350000, 0x0ae00000, 0x14e00000)
   the space 10944K,  23% used [0x0a350000, 0x0a5dd658, 0x0a5dd800, 0x0ae00000)
 Metaspace       used 10715K, capacity 10890K, committed 11008K, reserved 11648K
}
Event: 1.025 GC heap after
{Heap after GC invocations=7 (full 0):
 def new generation   total 4928K, used 512K [0x04e00000, 0x05350000, 0x0a350000)
  eden space 4416K,   0% used [0x04e00000, 0x04e00000, 0x05250000)
  from space 512K, 100% used [0x052d0000, 0x05350000, 0x05350000)
  to   space 512K,   0% used [0x05250000, 0x05250000, 0x052d0000)
 tenured generation   total 10944K, used 3633K [0x0a350000, 0x0ae00000, 0x14e00000)
   the space 10944K,  33% used [0x0a350000, 0x0a6dc710, 0x0a6dc800, 0x0ae00000)
 Metaspace       used 10715K, capacity 10890K, committed 11008K, reserved 11648K
}
Event: 1.106 GC heap before
{Heap before GC invocations=7 (full 0):
 def new generation   total 4928K, used 4920K [0x04e00000, 0x05350000, 0x0a350000)
  eden space 4416K,  99% used [0x04e00000, 0x0524e1e8, 0x05250000)
  from space 512K, 100% used [0x052d0000, 0x05350000, 0x05350000)
  to   space 512K,   0% used [0x05250000, 0x05250000, 0x052d0000)
 tenured generation   total 10944K, used 3633K [0x0a350000, 0x0ae00000, 0x14e00000)
   the space 10944K,  33% used [0x0a350000, 0x0a6dc710, 0x0a6dc800, 0x0ae00000)
 Metaspace       used 11407K, capacity 11575K, committed 11648K, reserved 11648K
}
Event: 1.110 GC heap after
{Heap after GC invocations=8 (full 0):
 def new generation   total 4928K, used 512K [0x04e00000, 0x05350000, 0x0a350000)
  eden space 4416K,   0% used [0x04e00000, 0x04e00000, 0x05250000)
  from space 512K, 100% used [0x05250000, 0x052d0000, 0x052d0000)
  to   space 512K,   0% used [0x052d0000, 0x052d0000, 0x05350000)
 tenured generation   total 10944K, used 4350K [0x0a350000, 0x0ae00000, 0x14e00000)
   the space 10944K,  39% used [0x0a350000, 0x0a78f938, 0x0a78fa00, 0x0ae00000)
 Metaspace       used 11407K, capacity 11575K, committed 11648K, reserved 11648K
}
Event: 1.207 GC heap before
{Heap before GC invocations=8 (full 0):
 def new generation   total 4928K, used 4928K [0x04e00000, 0x05350000, 0x0a350000)
  eden space 4416K, 100% used [0x04e00000, 0x05250000, 0x05250000)
  from space 512K, 100% used [0x05250000, 0x052d0000, 0x052d0000)
  to   space 512K,   0% used [0x052d0000, 0x052d0000, 0x05350000)
 tenured generation   total 10944K, used 4350K [0x0a350000, 0x0ae00000, 0x14e00000)
   the space 10944K,  39% used [0x0a350000, 0x0a78f938, 0x0a78fa00, 0x0ae00000)
 Metaspace       used 11971K, capacity 12159K, committed 12160K, reserved 12672K
}
Event: 1.210 GC heap after
{Heap after GC invocations=9 (full 0):
 def new generation   total 4928K, used 512K [0x04e00000, 0x05350000, 0x0a350000)
  eden space 4416K,   0% used [0x04e00000, 0x04e00000, 0x05250000)
  from space 512K, 100% used [0x052d0000, 0x05350000, 0x05350000)
  to   space 512K,   0% used [0x05250000, 0x05250000, 0x052d0000)
 tenured generation   total 10944K, used 5071K [0x0a350000, 0x0ae00000, 0x14e00000)
   the space 10944K,  46% used [0x0a350000, 0x0a843c58, 0x0a843e00, 0x0ae00000)
 Metaspace       used 11971K, capacity 12159K, committed 12160K, reserved 12672K
}
Event: 1.262 GC heap before
{Heap before GC invocations=9 (full 0):
 def new generation   total 4928K, used 1098K [0x04e00000, 0x05350000, 0x0a350000)
  eden space 4416K,  13% used [0x04e00000, 0x04e92ba0, 0x05250000)
  from space 512K, 100% used [0x052d0000, 0x05350000, 0x05350000)
  to   space 512K,   0% used [0x05250000, 0x05250000, 0x052d0000)
 tenured generation   total 10944K, used 5071K [0x0a350000, 0x0ae00000, 0x14e00000)
   the space 10944K,  46% used [0x0a350000, 0x0a843c58, 0x0a843e00, 0x0ae00000)
 Metaspace       used 12074K, capacity 12261K, committed 12288K, reserved 12672K
}
Event: 1.274 GC heap after
{Heap after GC invocations=10 (full 1):
 def new generation   total 4992K, used 0K [0x04e00000, 0x05360000, 0x0a350000)
  eden space 4480K,   0% used [0x04e00000, 0x04e00000, 0x05260000)
  from space 512K,   0% used [0x05260000, 0x05260000, 0x052e0000)
  to   space 512K,   0% used [0x052e0000, 0x052e0000, 0x05360000)
 tenured generation   total 10944K, used 5587K [0x0a350000, 0x0ae00000, 0x14e00000)
   the space 10944K,  51% used [0x0a350000, 0x0a8c4ee0, 0x0a8c5000, 0x0ae00000)
 Metaspace       used 12074K, capacity 12261K, committed 12288K, reserved 12672K
}
Event: 1.404 GC heap before
{Heap before GC invocations=10 (full 1):
 def new generation   total 4992K, used 4480K [0x04e00000, 0x05360000, 0x0a350000)
  eden space 4480K, 100% used [0x04e00000, 0x05260000, 0x05260000)
  from space 512K,   0% used [0x05260000, 0x05260000, 0x052e0000)
  to   space 512K,   0% used [0x052e0000, 0x052e0000, 0x05360000)
 tenured generation   total 10944K, used 5587K [0x0a350000, 0x0ae00000, 0x14e00000)
   the space 10944K,  51% used [0x0a350000, 0x0a8c4ee0, 0x0a8c5000, 0x0ae00000)
 Metaspace       used 12529K, capacity 12732K, committed 12800K, reserved 13696K
}
Event: 1.407 GC heap after
{Heap after GC invocations=11 (full 1):
 def new generation   total 4992K, used 512K [0x04e00000, 0x05360000, 0x0a350000)
  eden space 4480K,   0% used [0x04e00000, 0x04e00000, 0x05260000)
  from space 512K, 100% used [0x052e0000, 0x05360000, 0x05360000)
  to   space 512K,   0% used [0x05260000, 0x05260000, 0x052e0000)
 tenured generation   total 10944K, used 5780K [0x0a350000, 0x0ae00000, 0x14e00000)
   the space 10944K,  52% used [0x0a350000, 0x0a8f5170, 0x0a8f5200, 0x0ae00000)
 Metaspace       used 12529K, capacity 12732K, committed 12800K, reserved 13696K
}
Event: 1.571 GC heap before
{Heap before GC invocations=11 (full 1):
 def new generation   total 4992K, used 4992K [0x04e00000, 0x05360000, 0x0a350000)
  eden space 4480K, 100% used [0x04e00000, 0x05260000, 0x05260000)
  from space 512K, 100% used [0x052e0000, 0x05360000, 0x05360000)
  to   space 512K,   0% used [0x05260000, 0x05260000, 0x052e0000)
 tenured generation   total 10944K, used 5780K [0x0a350000, 0x0ae00000, 0x14e00000)
   the space 10944K,  52% used [0x0a350000, 0x0a8f5170, 0x0a8f5200, 0x0ae00000)
 Metaspace       used 13234K, capacity 13476K, committed 13568K, reserved 13696K
}
Event: 1.576 GC heap after
{Heap after GC invocations=12 (full 1):
 def new generation   total 4992K, used 374K [0x04e00000, 0x05360000, 0x0a350000)
  eden space 4480K,   0% used [0x04e00000, 0x04e00000, 0x05260000)
  from space 512K,  73% used [0x05260000, 0x052bda40, 0x052e0000)
  to   space 512K,   0% used [0x052e0000, 0x052e0000, 0x05360000)
 tenured generation   total 10944K, used 6289K [0x0a350000, 0x0ae00000, 0x14e00000)
   the space 10944K,  57% used [0x0a350000, 0x0a974500, 0x0a974600, 0x0ae00000)
 Metaspace       used 13234K, capacity 13476K, committed 13568K, reserved 13696K
}
Event: 3.439 GC heap before
{Heap before GC invocations=12 (full 1):
 def new generation   total 4992K, used 4854K [0x04e00000, 0x05360000, 0x0a350000)
  eden space 4480K, 100% used [0x04e00000, 0x05260000, 0x05260000)
  from space 512K,  73% used [0x05260000, 0x052bda40, 0x052e0000)
  to   space 512K,   0% used [0x052e0000, 0x052e0000, 0x05360000)
 tenured generation   total 10944K, used 6289K [0x0a350000, 0x0ae00000, 0x14e00000)
   the space 10944K,  57% used [0x0a350000, 0x0a974500, 0x0a974600, 0x0ae00000)
 Metaspace       used 13736K, capacity 13975K, committed 14080K, reserved 14720K
}
Event: 3.442 GC heap after
{Heap after GC invocations=13 (full 1):
 def new generation   total 4992K, used 494K [0x04e00000, 0x05360000, 0x0a350000)
  eden space 4480K,   0% used [0x04e00000, 0x04e00000, 0x05260000)
  from space 512K,  96% used [0x052e0000, 0x0535bb10, 0x05360000)
  to   space 512K,   0% used [0x05260000, 0x05260000, 0x052e0000)
 tenured generation   total 10944K, used 7734K [0x0a350000, 0x0ae00000, 0x14e00000)
   the space 10944K,  70% used [0x0a350000, 0x0aaddb08, 0x0aaddc00, 0x0ae00000)
 Metaspace       used 13736K, capacity 13975K, committed 14080K, reserved 14720K
}
Event: 3.526 GC heap before
{Heap before GC invocations=13 (full 1):
 def new generation   total 4992K, used 4974K [0x04e00000, 0x05360000, 0x0a350000)
  eden space 4480K, 100% used [0x04e00000, 0x05260000, 0x05260000)
  from space 512K,  96% used [0x052e0000, 0x0535bb10, 0x05360000)
  to   space 512K,   0% used [0x05260000, 0x05260000, 0x052e0000)
 tenured generation   total 10944K, used 7734K [0x0a350000, 0x0ae00000, 0x14e00000)
   the space 10944K,  70% used [0x0a350000, 0x0aaddb08, 0x0aaddc00, 0x0ae00000)
 Metaspace       used 14413K, capacity 14708K, committed 14720K, reserved 14720K
}
Event: 3.528 GC heap after
{Heap after GC invocations=14 (full 1):
 def new generation   total 4992K, used 242K [0x04e00000, 0x05360000, 0x0a350000)
  eden space 4480K,   0% used [0x04e00000, 0x04e00000, 0x05260000)
  from space 512K,  47% used [0x05260000, 0x0529c850, 0x052e0000)
  to   space 512K,   0% used [0x052e0000, 0x052e0000, 0x05360000)
 tenured generation   total 10944K, used 8222K [0x0a350000, 0x0ae00000, 0x14e00000)
   the space 10944K,  75% used [0x0a350000, 0x0ab578d0, 0x0ab57a00, 0x0ae00000)
 Metaspace       used 14413K, capacity 14708K, committed 14720K, reserved 14720K
}
Event: 19.766 GC heap before
{Heap before GC invocations=14 (full 1):
 def new generation   total 4992K, used 4722K [0x04e00000, 0x05360000, 0x0a350000)
  eden space 4480K, 100% used [0x04e00000, 0x05260000, 0x05260000)
  from space 512K,  47% used [0x05260000, 0x0529c850, 0x052e0000)
  to   space 512K,   0% used [0x052e0000, 0x052e0000, 0x05360000)
 tenured generation   total 10944K, used 8222K [0x0a350000, 0x0ae00000, 0x14e00000)
   the space 10944K,  75% used [0x0a350000, 0x0ab578d0, 0x0ab57a00, 0x0ae00000)
 Metaspace       used 14675K, capacity 14984K, committed 15104K, reserved 15744K
}
Event: 19.768 GC heap after
{Heap after GC invocations=15 (full 1):
 def new generation   total 4992K, used 512K [0x04e00000, 0x05360000, 0x0a350000)
  eden space 4480K,   0% used [0x04e00000, 0x04e00000, 0x05260000)
  from space 512K, 100% used [0x052e0000, 0x05360000, 0x05360000)
  to   space 512K,   0% used [0x05260000, 0x05260000, 0x052e0000)
 tenured generation   total 10944K, used 8306K [0x0a350000, 0x0ae00000, 0x14e00000)
   the space 10944K,  75% used [0x0a350000, 0x0ab6ca70, 0x0ab6cc00, 0x0ae00000)
 Metaspace       used 14675K, capacity 14984K, committed 15104K, reserved 15744K
}

