# JRE version: OpenJDK Runtime Environment Temurin-11.0.21+9 (11.0.21+9) (build 11.0.21+9)
# Java VM: OpenJDK Client VM Temurin-11.0.21+9 (11.0.21+9, mixed mode, serial gc, windows-x86)
Heap:
 def new generation   total 4992K, used 3242K [0x05600000, 0x05b60000, 0x0ab50000)
  eden space 4480K,  63% used [0x05600000, 0x058c4af8, 0x05a60000)
  from space 512K,  79% used [0x05ae0000, 0x05b46100, 0x05b60000)
  to   space 512K,   0% used [0x05a60000, 0x05a60000, 0x05ae0000)
 tenured generation   total 10944K, used 8504K [0x0ab50000, 0x0b600000, 0x15600000)
   the space 10944K,  77% used [0x0ab50000, 0x0b39e248, 0x0b39e400, 0x0b600000)
 Metaspace       used 14768K, capacity 15073K, committed 15104K, reserved 15744K
GC Heap History (20 events):
Event: 0.964 GC heap before
{Heap before GC invocations=5 (full 0):
 def new generation   total 4928K, used 4826K [0x05600000, 0x05b50000, 0x0ab50000)
  eden space 4416K, 100% used [0x05600000, 0x05a50000, 0x05a50000)
  from space 512K,  80% used [0x05ad0000, 0x05b36a18, 0x05b50000)
  to   space 512K,   0% used [0x05a50000, 0x05a50000, 0x05ad0000)
 tenured generation   total 10944K, used 2214K [0x0ab50000, 0x0b600000, 0x15600000)
   the space 10944K,  20% used [0x0ab50000, 0x0ad79ad8, 0x0ad79c00, 0x0b600000)
 Metaspace       used 9311K, capacity 9438K, committed 9472K, reserved 9600K
}
Event: 0.967 GC heap after
{Heap after GC invocations=6 (full 0):
 def new generation   total 4928K, used 512K [0x05600000, 0x05b50000, 0x0ab50000)
  eden space 4416K,   0% used [0x05600000, 0x05600000, 0x05a50000)
  from space 512K, 100% used [0x05a50000, 0x05ad0000, 0x05ad0000)
  to   space 512K,   0% used [0x05ad0000, 0x05ad0000, 0x05b50000)
 tenured generation   total 10944K, used 2618K [0x0ab50000, 0x0b600000, 0x15600000)
   the space 10944K,  23% used [0x0ab50000, 0x0addea68, 0x0addec00, 0x0b600000)
 Metaspace       used 9311K, capacity 9438K, committed 9472K, reserved 9600K
}
Event: 1.083 GC heap before
{Heap before GC invocations=6 (full 0):
 def new generation   total 4928K, used 4928K [0x05600000, 0x05b50000, 0x0ab50000)
  eden space 4416K, 100% used [0x05600000, 0x05a50000, 0x05a50000)
  from space 512K, 100% used [0x05a50000, 0x05ad0000, 0x05ad0000)
  to   space 512K,   0% used [0x05ad0000, 0x05ad0000, 0x05b50000)
 tenured generation   total 10944K, used 2618K [0x0ab50000, 0x0b600000, 0x15600000)
   the space 10944K,  23% used [0x0ab50000, 0x0addea68, 0x0addec00, 0x0b600000)
 Metaspace       used 10715K, capacity 10890K, committed 11008K, reserved 11648K
}
Event: 1.088 GC heap after
{Heap after GC invocations=7 (full 0):
 def new generation   total 4928K, used 512K [0x05600000, 0x05b50000, 0x0ab50000)
  eden space 4416K,   0% used [0x05600000, 0x05600000, 0x05a50000)
  from space 512K, 100% used [0x05ad0000, 0x05b50000, 0x05b50000)
  to   space 512K,   0% used [0x05a50000, 0x05a50000, 0x05ad0000)
 tenured generation   total 10944K, used 3640K [0x0ab50000, 0x0b600000, 0x15600000)
   the space 10944K,  33% used [0x0ab50000, 0x0aede2c0, 0x0aede400, 0x0b600000)
 Metaspace       used 10715K, capacity 10890K, committed 11008K, reserved 11648K
}
Event: 1.169 GC heap before
{Heap before GC invocations=7 (full 0):
 def new generation   total 4928K, used 4927K [0x05600000, 0x05b50000, 0x0ab50000)
  eden space 4416K,  99% used [0x05600000, 0x05a4fcc8, 0x05a50000)
  from space 512K, 100% used [0x05ad0000, 0x05b50000, 0x05b50000)
  to   space 512K,   0% used [0x05a50000, 0x05a50000, 0x05ad0000)
 tenured generation   total 10944K, used 3640K [0x0ab50000, 0x0b600000, 0x15600000)
   the space 10944K,  33% used [0x0ab50000, 0x0aede2c0, 0x0aede400, 0x0b600000)
 Metaspace       used 11409K, capacity 11575K, committed 11648K, reserved 11648K
}
Event: 1.172 GC heap after
{Heap after GC invocations=8 (full 0):
 def new generation   total 4928K, used 512K [0x05600000, 0x05b50000, 0x0ab50000)
  eden space 4416K,   0% used [0x05600000, 0x05600000, 0x05a50000)
  from space 512K, 100% used [0x05a50000, 0x05ad0000, 0x05ad0000)
  to   space 512K,   0% used [0x05ad0000, 0x05ad0000, 0x05b50000)
 tenured generation   total 10944K, used 4360K [0x0ab50000, 0x0b600000, 0x15600000)
   the space 10944K,  39% used [0x0ab50000, 0x0af92388, 0x0af92400, 0x0b600000)
 Metaspace       used 11409K, capacity 11575K, committed 11648K, reserved 11648K
}
Event: 1.270 GC heap before
{Heap before GC invocations=8 (full 0):
 def new generation   total 4928K, used 4928K [0x05600000, 0x05b50000, 0x0ab50000)
  eden space 4416K, 100% used [0x05600000, 0x05a50000, 0x05a50000)
  from space 512K, 100% used [0x05a50000, 0x05ad0000, 0x05ad0000)
  to   space 512K,   0% used [0x05ad0000, 0x05ad0000, 0x05b50000)
 tenured generation   total 10944K, used 4360K [0x0ab50000, 0x0b600000, 0x15600000)
   the space 10944K,  39% used [0x0ab50000, 0x0af92388, 0x0af92400, 0x0b600000)
 Metaspace       used 11978K, capacity 12159K, committed 12160K, reserved 12672K
}
Event: 1.274 GC heap after
{Heap after GC invocations=9 (full 0):
 def new generation   total 4928K, used 512K [0x05600000, 0x05b50000, 0x0ab50000)
  eden space 4416K,   0% used [0x05600000, 0x05600000, 0x05a50000)
  from space 512K, 100% used [0x05ad0000, 0x05b50000, 0x05b50000)
  to   space 512K,   0% used [0x05a50000, 0x05a50000, 0x05ad0000)
 tenured generation   total 10944K, used 5069K [0x0ab50000, 0x0b600000, 0x15600000)
   the space 10944K,  46% used [0x0ab50000, 0x0b043618, 0x0b043800, 0x0b600000)
 Metaspace       used 11978K, capacity 12159K, committed 12160K, reserved 12672K
}
Event: 1.320 GC heap before
{Heap before GC invocations=9 (full 0):
 def new generation   total 4928K, used 1096K [0x05600000, 0x05b50000, 0x0ab50000)
  eden space 4416K,  13% used [0x05600000, 0x056922f0, 0x05a50000)
  from space 512K, 100% used [0x05ad0000, 0x05b50000, 0x05b50000)
  to   space 512K,   0% used [0x05a50000, 0x05a50000, 0x05ad0000)
 tenured generation   total 10944K, used 5069K [0x0ab50000, 0x0b600000, 0x15600000)
   the space 10944K,  46% used [0x0ab50000, 0x0b043618, 0x0b043800, 0x0b600000)
 Metaspace       used 12074K, capacity 12261K, committed 12288K, reserved 12672K
}
Event: 1.333 GC heap after
{Heap after GC invocations=10 (full 1):
 def new generation   total 4992K, used 0K [0x05600000, 0x05b60000, 0x0ab50000)
  eden space 4480K,   0% used [0x05600000, 0x05600000, 0x05a60000)
  from space 512K,   0% used [0x05a60000, 0x05a60000, 0x05ae0000)
  to   space 512K,   0% used [0x05ae0000, 0x05ae0000, 0x05b60000)
 tenured generation   total 10944K, used 5598K [0x0ab50000, 0x0b600000, 0x15600000)
   the space 10944K,  51% used [0x0ab50000, 0x0b0c7ba8, 0x0b0c7c00, 0x0b600000)
 Metaspace       used 12074K, capacity 12261K, committed 12288K, reserved 12672K
}
Event: 1.466 GC heap before
{Heap before GC invocations=10 (full 1):
 def new generation   total 4992K, used 4480K [0x05600000, 0x05b60000, 0x0ab50000)
  eden space 4480K, 100% used [0x05600000, 0x05a60000, 0x05a60000)
  from space 512K,   0% used [0x05a60000, 0x05a60000, 0x05ae0000)
  to   space 512K,   0% used [0x05ae0000, 0x05ae0000, 0x05b60000)
 tenured generation   total 10944K, used 5598K [0x0ab50000, 0x0b600000, 0x15600000)
   the space 10944K,  51% used [0x0ab50000, 0x0b0c7ba8, 0x0b0c7c00, 0x0b600000)
 Metaspace       used 12532K, capacity 12732K, committed 12800K, reserved 13696K
}
Event: 1.468 GC heap after
{Heap after GC invocations=11 (full 1):
 def new generation   total 4992K, used 512K [0x05600000, 0x05b60000, 0x0ab50000)
  eden space 4480K,   0% used [0x05600000, 0x05600000, 0x05a60000)
  from space 512K, 100% used [0x05ae0000, 0x05b60000, 0x05b60000)
  to   space 512K,   0% used [0x05a60000, 0x05a60000, 0x05ae0000)
 tenured generation   total 10944K, used 5791K [0x0ab50000, 0x0b600000, 0x15600000)
   the space 10944K,  52% used [0x0ab50000, 0x0b0f7ee8, 0x0b0f8000, 0x0b600000)
 Metaspace       used 12532K, capacity 12732K, committed 12800K, reserved 13696K
}
Event: 1.646 GC heap before
{Heap before GC invocations=11 (full 1):
 def new generation   total 4992K, used 4992K [0x05600000, 0x05b60000, 0x0ab50000)
  eden space 4480K, 100% used [0x05600000, 0x05a60000, 0x05a60000)
  from space 512K, 100% used [0x05ae0000, 0x05b60000, 0x05b60000)
  to   space 512K,   0% used [0x05a60000, 0x05a60000, 0x05ae0000)
 tenured generation   total 10944K, used 5791K [0x0ab50000, 0x0b600000, 0x15600000)
   the space 10944K,  52% used [0x0ab50000, 0x0b0f7ee8, 0x0b0f8000, 0x0b600000)
 Metaspace       used 13231K, capacity 13476K, committed 13568K, reserved 13696K
}
Event: 1.650 GC heap after
{Heap after GC invocations=12 (full 1):
 def new generation   total 4992K, used 372K [0x05600000, 0x05b60000, 0x0ab50000)
  eden space 4480K,   0% used [0x05600000, 0x05600000, 0x05a60000)
  from space 512K,  72% used [0x05a60000, 0x05abd0b0, 0x05ae0000)
  to   space 512K,   0% used [0x05ae0000, 0x05ae0000, 0x05b60000)
 tenured generation   total 10944K, used 6300K [0x0ab50000, 0x0b600000, 0x15600000)
   the space 10944K,  57% used [0x0ab50000, 0x0b177278, 0x0b177400, 0x0b600000)
 Metaspace       used 13231K, capacity 13476K, committed 13568K, reserved 13696K
}
Event: 2.993 GC heap before
{Heap before GC invocations=12 (full 1):
 def new generation   total 4992K, used 4852K [0x05600000, 0x05b60000, 0x0ab50000)
  eden space 4480K, 100% used [0x05600000, 0x05a60000, 0x05a60000)
  from space 512K,  72% used [0x05a60000, 0x05abd0b0, 0x05ae0000)
  to   space 512K,   0% used [0x05ae0000, 0x05ae0000, 0x05b60000)
 tenured generation   total 10944K, used 6300K [0x0ab50000, 0x0b600000, 0x15600000)
   the space 10944K,  57% used [0x0ab50000, 0x0b177278, 0x0b177400, 0x0b600000)
 Metaspace       used 13732K, capacity 13975K, committed 14080K, reserved 14720K
}
Event: 2.996 GC heap after
{Heap after GC invocations=13 (full 1):
 def new generation   total 4992K, used 502K [0x05600000, 0x05b60000, 0x0ab50000)
  eden space 4480K,   0% used [0x05600000, 0x05600000, 0x05a60000)
  from space 512K,  98% used [0x05ae0000, 0x05b5dab8, 0x05b60000)
  to   space 512K,   0% used [0x05a60000, 0x05a60000, 0x05ae0000)
 tenured generation   total 10944K, used 7745K [0x0ab50000, 0x0b600000, 0x15600000)
   the space 10944K,  70% used [0x0ab50000, 0x0b2e04f8, 0x0b2e0600, 0x0b600000)
 Metaspace       used 13732K, capacity 13975K, committed 14080K, reserved 14720K
}
Event: 3.078 GC heap before
{Heap before GC invocations=13 (full 1):
 def new generation   total 4992K, used 4979K [0x05600000, 0x05b60000, 0x0ab50000)
  eden space 4480K,  99% used [0x05600000, 0x05a5f438, 0x05a60000)
  from space 512K,  98% used [0x05ae0000, 0x05b5dab8, 0x05b60000)
  to   space 512K,   0% used [0x05a60000, 0x05a60000, 0x05ae0000)
 tenured generation   total 10944K, used 7745K [0x0ab50000, 0x0b600000, 0x15600000)
   the space 10944K,  70% used [0x0ab50000, 0x0b2e04f8, 0x0b2e0600, 0x0b600000)
 Metaspace       used 14388K, capacity 14676K, committed 14720K, reserved 14720K
}
Event: 3.081 GC heap after
{Heap after GC invocations=14 (full 1):
 def new generation   total 4992K, used 277K [0x05600000, 0x05b60000, 0x0ab50000)
  eden space 4480K,   0% used [0x05600000, 0x05600000, 0x05a60000)
  from space 512K,  54% used [0x05a60000, 0x05aa5428, 0x05ae0000)
  to   space 512K,   0% used [0x05ae0000, 0x05ae0000, 0x05b60000)
 tenured generation   total 10944K, used 8238K [0x0ab50000, 0x0b600000, 0x15600000)
   the space 10944K,  75% used [0x0ab50000, 0x0b35b948, 0x0b35ba00, 0x0b600000)
 Metaspace       used 14388K, capacity 14676K, committed 14720K, reserved 14720K
}
Event: 17.102 GC heap before
{Heap before GC invocations=14 (full 1):
 def new generation   total 4992K, used 4757K [0x05600000, 0x05b60000, 0x0ab50000)
  eden space 4480K,  99% used [0x05600000, 0x05a5fff8, 0x05a60000)
  from space 512K,  54% used [0x05a60000, 0x05aa5428, 0x05ae0000)
  to   space 512K,   0% used [0x05ae0000, 0x05ae0000, 0x05b60000)
 tenured generation   total 10944K, used 8238K [0x0ab50000, 0x0b600000, 0x15600000)
   the space 10944K,  75% used [0x0ab50000, 0x0b35b948, 0x0b35ba00, 0x0b600000)
 Metaspace       used 14742K, capacity 15058K, committed 15104K, reserved 15744K
}
Event: 17.105 GC heap after
{Heap after GC invocations=15 (full 1):
 def new generation   total 4992K, used 408K [0x05600000, 0x05b60000, 0x0ab50000)
  eden space 4480K,   0% used [0x05600000, 0x05600000, 0x05a60000)
  from space 512K,  79% used [0x05ae0000, 0x05b46100, 0x05b60000)
  to   space 512K,   0% used [0x05a60000, 0x05a60000, 0x05ae0000)
 tenured generation   total 10944K, used 8504K [0x0ab50000, 0x0b600000, 0x15600000)
   the space 10944K,  77% used [0x0ab50000, 0x0b39e248, 0x0b39e400, 0x0b600000)
 Metaspace       used 14742K, capacity 15058K, committed 15104K, reserved 15744K
}

