# JRE version: OpenJDK Runtime Environment Temurin-11.0.21+9 (11.0.21+9) (build 11.0.21+9)
# Java VM: OpenJDK Client VM Temurin-11.0.21+9 (11.0.21+9, mixed mode, serial gc, windows-x86)
Heap:
 def new generation   total 4992K, used 2246K [0x05400000, 0x05960000, 0x0a950000)
  eden space 4480K,  45% used [0x05400000, 0x055fd610, 0x05860000)
  from space 512K,  40% used [0x05860000, 0x058944d0, 0x058e0000)
  to   space 512K,   0% used [0x058e0000, 0x058e0000, 0x05960000)
 tenured generation   total 10944K, used 8219K [0x0a950000, 0x0b400000, 0x15400000)
   the space 10944K,  75% used [0x0a950000, 0x0b156f78, 0x0b157000, 0x0b400000)
 Metaspace       used 14611K, capacity 14916K, committed 14976K, reserved 15744K
GC Heap History (20 events):
Event: 0.810 GC heap before
{Heap before GC invocations=4 (full 0):
 def new generation   total 4928K, used 4648K [0x05400000, 0x05950000, 0x0a950000)
  eden space 4416K, 100% used [0x05400000, 0x05850000, 0x05850000)
  from space 512K,  45% used [0x05850000, 0x0588a1a8, 0x058d0000)
  to   space 512K,   0% used [0x058d0000, 0x058d0000, 0x05950000)
 tenured generation   total 10944K, used 2212K [0x0a950000, 0x0b400000, 0x15400000)
   the space 10944K,  20% used [0x0a950000, 0x0ab793e0, 0x0ab79400, 0x0b400000)
 Metaspace       used 7806K, capacity 7903K, committed 7936K, reserved 8576K
}
Event: 0.811 GC heap after
{Heap after GC invocations=5 (full 0):
 def new generation   total 4928K, used 414K [0x05400000, 0x05950000, 0x0a950000)
  eden space 4416K,   0% used [0x05400000, 0x05400000, 0x05850000)
  from space 512K,  80% used [0x058d0000, 0x05937990, 0x05950000)
  to   space 512K,   0% used [0x05850000, 0x05850000, 0x058d0000)
 tenured generation   total 10944K, used 2212K [0x0a950000, 0x0b400000, 0x15400000)
   the space 10944K,  20% used [0x0a950000, 0x0ab793e0, 0x0ab79400, 0x0b400000)
 Metaspace       used 7806K, capacity 7903K, committed 7936K, reserved 8576K
}
Event: 0.920 GC heap before
{Heap before GC invocations=5 (full 0):
 def new generation   total 4928K, used 4830K [0x05400000, 0x05950000, 0x0a950000)
  eden space 4416K, 100% used [0x05400000, 0x05850000, 0x05850000)
  from space 512K,  80% used [0x058d0000, 0x05937990, 0x05950000)
  to   space 512K,   0% used [0x05850000, 0x05850000, 0x058d0000)
 tenured generation   total 10944K, used 2212K [0x0a950000, 0x0b400000, 0x15400000)
   the space 10944K,  20% used [0x0a950000, 0x0ab793e0, 0x0ab79400, 0x0b400000)
 Metaspace       used 9311K, capacity 9439K, committed 9472K, reserved 9600K
}
Event: 0.922 GC heap after
{Heap after GC invocations=6 (full 0):
 def new generation   total 4928K, used 512K [0x05400000, 0x05950000, 0x0a950000)
  eden space 4416K,   0% used [0x05400000, 0x05400000, 0x05850000)
  from space 512K, 100% used [0x05850000, 0x058d0000, 0x058d0000)
  to   space 512K,   0% used [0x058d0000, 0x058d0000, 0x05950000)
 tenured generation   total 10944K, used 2606K [0x0a950000, 0x0b400000, 0x15400000)
   the space 10944K,  23% used [0x0a950000, 0x0abdbba0, 0x0abdbc00, 0x0b400000)
 Metaspace       used 9311K, capacity 9439K, committed 9472K, reserved 9600K
}
Event: 1.035 GC heap before
{Heap before GC invocations=6 (full 0):
 def new generation   total 4928K, used 4928K [0x05400000, 0x05950000, 0x0a950000)
  eden space 4416K, 100% used [0x05400000, 0x05850000, 0x05850000)
  from space 512K, 100% used [0x05850000, 0x058d0000, 0x058d0000)
  to   space 512K,   0% used [0x058d0000, 0x058d0000, 0x05950000)
 tenured generation   total 10944K, used 2606K [0x0a950000, 0x0b400000, 0x15400000)
   the space 10944K,  23% used [0x0a950000, 0x0abdbba0, 0x0abdbc00, 0x0b400000)
 Metaspace       used 10719K, capacity 10890K, committed 11008K, reserved 11648K
}
Event: 1.039 GC heap after
{Heap after GC invocations=7 (full 0):
 def new generation   total 4928K, used 512K [0x05400000, 0x05950000, 0x0a950000)
  eden space 4416K,   0% used [0x05400000, 0x05400000, 0x05850000)
  from space 512K, 100% used [0x058d0000, 0x05950000, 0x05950000)
  to   space 512K,   0% used [0x05850000, 0x05850000, 0x058d0000)
 tenured generation   total 10944K, used 3625K [0x0a950000, 0x0b400000, 0x15400000)
   the space 10944K,  33% used [0x0a950000, 0x0acda5a0, 0x0acda600, 0x0b400000)
 Metaspace       used 10719K, capacity 10890K, committed 11008K, reserved 11648K
}
Event: 1.123 GC heap before
{Heap before GC invocations=7 (full 0):
 def new generation   total 4928K, used 4928K [0x05400000, 0x05950000, 0x0a950000)
  eden space 4416K, 100% used [0x05400000, 0x05850000, 0x05850000)
  from space 512K, 100% used [0x058d0000, 0x05950000, 0x05950000)
  to   space 512K,   0% used [0x05850000, 0x05850000, 0x058d0000)
 tenured generation   total 10944K, used 3625K [0x0a950000, 0x0b400000, 0x15400000)
   the space 10944K,  33% used [0x0a950000, 0x0acda5a0, 0x0acda600, 0x0b400000)
 Metaspace       used 11411K, capacity 11575K, committed 11648K, reserved 11648K
}
Event: 1.126 GC heap after
{Heap after GC invocations=8 (full 0):
 def new generation   total 4928K, used 512K [0x05400000, 0x05950000, 0x0a950000)
  eden space 4416K,   0% used [0x05400000, 0x05400000, 0x05850000)
  from space 512K, 100% used [0x05850000, 0x058d0000, 0x058d0000)
  to   space 512K,   0% used [0x058d0000, 0x058d0000, 0x05950000)
 tenured generation   total 10944K, used 4344K [0x0a950000, 0x0b400000, 0x15400000)
   the space 10944K,  39% used [0x0a950000, 0x0ad8e288, 0x0ad8e400, 0x0b400000)
 Metaspace       used 11411K, capacity 11575K, committed 11648K, reserved 11648K
}
Event: 1.215 GC heap before
{Heap before GC invocations=8 (full 0):
 def new generation   total 4928K, used 4928K [0x05400000, 0x05950000, 0x0a950000)
  eden space 4416K, 100% used [0x05400000, 0x05850000, 0x05850000)
  from space 512K, 100% used [0x05850000, 0x058d0000, 0x058d0000)
  to   space 512K,   0% used [0x058d0000, 0x058d0000, 0x05950000)
 tenured generation   total 10944K, used 4344K [0x0a950000, 0x0b400000, 0x15400000)
   the space 10944K,  39% used [0x0a950000, 0x0ad8e288, 0x0ad8e400, 0x0b400000)
 Metaspace       used 11979K, capacity 12159K, committed 12160K, reserved 12672K
}
Event: 1.219 GC heap after
{Heap after GC invocations=9 (full 0):
 def new generation   total 4928K, used 512K [0x05400000, 0x05950000, 0x0a950000)
  eden space 4416K,   0% used [0x05400000, 0x05400000, 0x05850000)
  from space 512K, 100% used [0x058d0000, 0x05950000, 0x05950000)
  to   space 512K,   0% used [0x05850000, 0x05850000, 0x058d0000)
 tenured generation   total 10944K, used 5055K [0x0a950000, 0x0b400000, 0x15400000)
   the space 10944K,  46% used [0x0a950000, 0x0ae3ff18, 0x0ae40000, 0x0b400000)
 Metaspace       used 11979K, capacity 12159K, committed 12160K, reserved 12672K
}
Event: 1.262 GC heap before
{Heap before GC invocations=9 (full 0):
 def new generation   total 4928K, used 1085K [0x05400000, 0x05950000, 0x0a950000)
  eden space 4416K,  12% used [0x05400000, 0x0548f608, 0x05850000)
  from space 512K, 100% used [0x058d0000, 0x05950000, 0x05950000)
  to   space 512K,   0% used [0x05850000, 0x05850000, 0x058d0000)
 tenured generation   total 10944K, used 5055K [0x0a950000, 0x0b400000, 0x15400000)
   the space 10944K,  46% used [0x0a950000, 0x0ae3ff18, 0x0ae40000, 0x0b400000)
 Metaspace       used 12075K, capacity 12261K, committed 12288K, reserved 12672K
}
Event: 1.276 GC heap after
{Heap after GC invocations=10 (full 1):
 def new generation   total 4992K, used 0K [0x05400000, 0x05960000, 0x0a950000)
  eden space 4480K,   0% used [0x05400000, 0x05400000, 0x05860000)
  from space 512K,   0% used [0x05860000, 0x05860000, 0x058e0000)
  to   space 512K,   0% used [0x058e0000, 0x058e0000, 0x05960000)
 tenured generation   total 10944K, used 5580K [0x0a950000, 0x0b400000, 0x15400000)
   the space 10944K,  50% used [0x0a950000, 0x0aec33c8, 0x0aec3400, 0x0b400000)
 Metaspace       used 12075K, capacity 12261K, committed 12288K, reserved 12672K
}
Event: 1.396 GC heap before
{Heap before GC invocations=10 (full 1):
 def new generation   total 4992K, used 4480K [0x05400000, 0x05960000, 0x0a950000)
  eden space 4480K, 100% used [0x05400000, 0x05860000, 0x05860000)
  from space 512K,   0% used [0x05860000, 0x05860000, 0x058e0000)
  to   space 512K,   0% used [0x058e0000, 0x058e0000, 0x05960000)
 tenured generation   total 10944K, used 5580K [0x0a950000, 0x0b400000, 0x15400000)
   the space 10944K,  50% used [0x0a950000, 0x0aec33c8, 0x0aec3400, 0x0b400000)
 Metaspace       used 12531K, capacity 12732K, committed 12800K, reserved 13696K
}
Event: 1.399 GC heap after
{Heap after GC invocations=11 (full 1):
 def new generation   total 4992K, used 512K [0x05400000, 0x05960000, 0x0a950000)
  eden space 4480K,   0% used [0x05400000, 0x05400000, 0x05860000)
  from space 512K, 100% used [0x058e0000, 0x05960000, 0x05960000)
  to   space 512K,   0% used [0x05860000, 0x05860000, 0x058e0000)
 tenured generation   total 10944K, used 5780K [0x0a950000, 0x0b400000, 0x15400000)
   the space 10944K,  52% used [0x0a950000, 0x0aef5238, 0x0aef5400, 0x0b400000)
 Metaspace       used 12531K, capacity 12732K, committed 12800K, reserved 13696K
}
Event: 1.552 GC heap before
{Heap before GC invocations=11 (full 1):
 def new generation   total 4992K, used 4990K [0x05400000, 0x05960000, 0x0a950000)
  eden space 4480K,  99% used [0x05400000, 0x0585faf8, 0x05860000)
  from space 512K, 100% used [0x058e0000, 0x05960000, 0x05960000)
  to   space 512K,   0% used [0x05860000, 0x05860000, 0x058e0000)
 tenured generation   total 10944K, used 5780K [0x0a950000, 0x0b400000, 0x15400000)
   the space 10944K,  52% used [0x0a950000, 0x0aef5238, 0x0aef5400, 0x0b400000)
 Metaspace       used 13249K, capacity 13476K, committed 13568K, reserved 13696K
}
Event: 1.555 GC heap after
{Heap after GC invocations=12 (full 1):
 def new generation   total 4992K, used 374K [0x05400000, 0x05960000, 0x0a950000)
  eden space 4480K,   0% used [0x05400000, 0x05400000, 0x05860000)
  from space 512K,  73% used [0x05860000, 0x058bd958, 0x058e0000)
  to   space 512K,   0% used [0x058e0000, 0x058e0000, 0x05960000)
 tenured generation   total 10944K, used 6282K [0x0a950000, 0x0b400000, 0x15400000)
   the space 10944K,  57% used [0x0a950000, 0x0af729d8, 0x0af72a00, 0x0b400000)
 Metaspace       used 13249K, capacity 13476K, committed 13568K, reserved 13696K
}
Event: 2.935 GC heap before
{Heap before GC invocations=12 (full 1):
 def new generation   total 4992K, used 4854K [0x05400000, 0x05960000, 0x0a950000)
  eden space 4480K, 100% used [0x05400000, 0x05860000, 0x05860000)
  from space 512K,  73% used [0x05860000, 0x058bd958, 0x058e0000)
  to   space 512K,   0% used [0x058e0000, 0x058e0000, 0x05960000)
 tenured generation   total 10944K, used 6282K [0x0a950000, 0x0b400000, 0x15400000)
   the space 10944K,  57% used [0x0a950000, 0x0af729d8, 0x0af72a00, 0x0b400000)
 Metaspace       used 13746K, capacity 13968K, committed 14080K, reserved 14720K
}
Event: 2.938 GC heap after
{Heap after GC invocations=13 (full 1):
 def new generation   total 4992K, used 465K [0x05400000, 0x05960000, 0x0a950000)
  eden space 4480K,   0% used [0x05400000, 0x05400000, 0x05860000)
  from space 512K,  90% used [0x058e0000, 0x05954640, 0x05960000)
  to   space 512K,   0% used [0x05860000, 0x05860000, 0x058e0000)
 tenured generation   total 10944K, used 7795K [0x0a950000, 0x0b400000, 0x15400000)
   the space 10944K,  71% used [0x0a950000, 0x0b0eccc0, 0x0b0ece00, 0x0b400000)
 Metaspace       used 13746K, capacity 13968K, committed 14080K, reserved 14720K
}
Event: 3.005 GC heap before
{Heap before GC invocations=13 (full 1):
 def new generation   total 4992K, used 4945K [0x05400000, 0x05960000, 0x0a950000)
  eden space 4480K, 100% used [0x05400000, 0x05860000, 0x05860000)
  from space 512K,  90% used [0x058e0000, 0x05954640, 0x05960000)
  to   space 512K,   0% used [0x05860000, 0x05860000, 0x058e0000)
 tenured generation   total 10944K, used 7795K [0x0a950000, 0x0b400000, 0x15400000)
   the space 10944K,  71% used [0x0a950000, 0x0b0eccc0, 0x0b0ece00, 0x0b400000)
 Metaspace       used 14438K, capacity 14706K, committed 14720K, reserved 14720K
}
Event: 3.007 GC heap after
{Heap after GC invocations=14 (full 1):
 def new generation   total 4992K, used 209K [0x05400000, 0x05960000, 0x0a950000)
  eden space 4480K,   0% used [0x05400000, 0x05400000, 0x05860000)
  from space 512K,  40% used [0x05860000, 0x058944d0, 0x058e0000)
  to   space 512K,   0% used [0x058e0000, 0x058e0000, 0x05960000)
 tenured generation   total 10944K, used 8219K [0x0a950000, 0x0b400000, 0x15400000)
   the space 10944K,  75% used [0x0a950000, 0x0b156f78, 0x0b157000, 0x0b400000)
 Metaspace       used 14438K, capacity 14706K, committed 14720K, reserved 14720K
}

